The system is: Windows - 10.0.19042 - AMD64
Compiling the C compiler identification source file "CMakeCCompilerId.c" succeeded.
Compiler: D:/053-gcc-arm-none-eabi/bin/arm-none-eabi-gcc.exe 
Build flags: 
Id flags: -c 

The output was:
0


Compilation of the C compiler identification source "CMakeCCompilerId.c" produced "CMakeCCompilerId.o"

The C compiler identification is GNU, found in "E:/001-Projects/010-LeetCode/LeetCode/cmake-build-debug/CMakeFiles/3.19.2/CompilerIdC/CMakeCCompilerId.o"

Compiling the C compiler identification source file "CMakeCCompilerId.c" succeeded.
Compiler: D:/053-gcc-arm-none-eabi/bin/arm-none-eabi-gcc.exe 
Build flags: 
Id flags: -c 

The output was:
0


Compilation of the C compiler identification source "CMakeCCompilerId.c" produced "CMakeCCompilerId.o"

The C compiler identification is GNU, found in "E:/001-Projects/010-LeetCode/LeetCode/cmake-build-debug/CMakeFiles/3.19.2/CompilerIdC/CMakeCCompilerId.o"

Compiling the C compiler identification source file "CMakeCCompilerId.c" succeeded.
Compiler: D:/053-gcc-arm-none-eabi/bin/arm-none-eabi-gcc.exe 
Build flags: 
Id flags: -c 

The output was:
0


Compilation of the C compiler identification source "CMakeCCompilerId.c" produced "CMakeCCompilerId.o"

The C compiler identification is GNU, found in "E:/001-Projects/010-LeetCode/LeetCode/cmake-build-debug/CMakeFiles/3.19.2/CompilerIdC/CMakeCCompilerId.o"

